2017-12-06 03:13:43,182 : INFO : Reading the seed files:
2017-12-06 03:13:43,182 : INFO : 1.  reading the hyponyms
2017-12-06 03:13:43,204 : INFO : 2.  reading the hypernyms
2017-12-06 03:13:43,239 : INFO : 3. Creating the seed pairs (hyponym, hypernym) from read files 
2017-12-06 03:13:43,249 : INFO : Reading the Vocabulary file: the candiate hypernyms provided with the task
2017-12-06 03:13:44,974 : INFO : Assigning the Test File/Sample file and output files: 
2017-12-06 03:13:44,975 : INFO : 1.  The sample data with target words (hyponyms): 1A.english.training.data.txt
2017-12-06 03:13:44,975 : INFO : 1.  The output file ONE (candidate hypernyms) : phi01.txt
2017-12-06 03:13:44,975 : INFO :      candidates fetched from : most_similar(positive=[input word vector, PHI VECTOR * input word vector], negative=[]) 
2017-12-06 03:13:44,976 : INFO : 2.  The output file TWO (candidate hypernyms) : phi02.txt
2017-12-06 03:13:44,976 : INFO :      candidates fetched from : most_similar(positive=[input word vector] negative=[PHI VECTOR * input word vector]) 
2017-12-06 03:13:44,976 : INFO : ASSIGNING THE WORD2VEC MODEL
2017-12-06 03:13:44,976 : INFO : THE GIVEN MODEL: UMBCNewNormNoStopHearst_CBOW_20_10
2017-12-06 03:13:44,976 : INFO : LOADING THE MODEL: 
2017-12-06 03:13:44,976 : INFO : loading Word2Vec object from UMBCNewNormNoStopHearst_CBOW_20_10
2017-12-06 03:13:49,073 : INFO : loading wv recursively from UMBCNewNormNoStopHearst_CBOW_20_10.wv.* with mmap=None
2017-12-06 03:13:49,074 : INFO : loading syn0 from UMBCNewNormNoStopHearst_CBOW_20_10.wv.syn0.npy with mmap=None
2017-12-06 03:13:49,634 : INFO : setting ignored attribute syn0norm to None
2017-12-06 03:13:49,635 : INFO : loading syn1neg from UMBCNewNormNoStopHearst_CBOW_20_10.syn1neg.npy with mmap=None
2017-12-06 03:13:50,162 : INFO : setting ignored attribute cum_table to None
2017-12-06 03:13:50,162 : INFO : loaded UMBCNewNormNoStopHearst_CBOW_20_10
2017-12-06 03:13:52,371 : INFO : Creating lists from the seed pairs (hyponym, hyponym)
2017-12-06 03:13:52,636 : INFO : The original pairs from the input seed: 11800
2017-12-06 03:13:52,636 : INFO : The pairs considered for training the PHI: 6768
2017-12-06 03:13:52,636 : INFO : Pairs left out : 5031
2017-12-06 03:13:52,636 : INFO : Calculating the candidate PHI values
2017-12-06 03:13:52,649 : INFO : Calculating the arg-min PHI
2017-12-06 03:22:26,885 : INFO : Minimum Value calculated:
2017-12-06 03:22:26,885 : INFO : 301.364671094
2017-12-06 03:22:26,885 : INFO : The PHI for which the value was minimum (arg-min PHI):
2017-12-06 03:22:26,892 : INFO : [  1.11611132e-02  -1.33015066e-01  -1.23533262e-02  -1.01360762e-02
  -2.49631200e-02  -1.43603921e-01   9.22067184e-03  -2.07354613e-02
   8.46229959e-04  -1.86786409e-02  -1.20678701e-01  -4.20922264e-02
  -6.08642772e-03  -7.24688619e-02   1.38065675e-02   2.55999877e-03
   1.39264120e-02  -5.82282664e-03   7.44669652e-03   3.65147804e-04
   4.90609463e-03   1.67458765e-02   1.63813625e-02  -1.81911252e-02
  -9.14406683e-03   4.13824320e-02   4.01047477e-03   9.64317750e-03
   1.75716002e-02  -5.65313920e-03  -9.77059919e-03  -1.36977937e-02
  -1.06201814e-02   3.99419293e-03  -1.31126288e-02   2.04605330e-03
  -1.84223650e-03  -1.62720662e-02  -1.63770411e-02  -4.83868271e-02
   2.64883297e-03   6.71936432e-03  -5.01118861e-02  -2.08692681e-02
   9.85864364e-03  -4.30306839e-03  -1.77095067e-02   2.05176249e-02
  -5.00700669e-03  -6.32667029e-03  -5.36960829e-03   5.80540225e-02
   8.06472544e-03   5.67688001e-03   4.48960252e-02   4.84122342e-04
  -1.73501857e-02  -2.01555784e-03  -6.76991977e-03  -3.75208980e-03
  -1.57319941e-02  -7.68686598e-03  -9.27157293e-04   2.35205907e-02
   3.21162003e-03   1.47674289e-02  -1.63619388e-02  -6.92780921e-03
   8.35852046e-03   2.59770267e-03   1.67329772e-03   2.22004228e-03
   7.47105479e-03  -3.44625823e-02   1.20872762e-02   1.76434461e-02
  -1.29675614e-02   1.10874055e-02   2.21042428e-02  -4.08615842e-02
   3.66307870e-02  -3.30618285e-02   4.26982790e-02   7.15722190e-03
   3.26738656e-02  -7.72502972e-04   1.84067953e-02  -1.06104519e-02
  -1.05175683e-02   4.46911110e-03  -2.74091400e-02   1.12961335e-02
   1.36538632e-02  -5.71025629e-03  -7.95827713e-03  -9.72782448e-02
  -1.15959449e-02  -6.34957701e-02  -3.59768840e-03  -6.42226019e-04
  -8.22318532e-03   1.06981378e-02   2.50197593e-02   1.37637155e-02
  -7.93628544e-02   2.91950479e-02  -3.06977914e-03   1.90280750e-01
   1.09827938e-02  -1.27690673e-01   9.66802426e-03  -3.64093087e-03
   2.39362061e-01  -4.29065786e-02   5.82172535e-02  -9.32897627e-03
   1.35292672e-02  -4.65367474e-02   1.72020402e-02   6.35275210e-04
   1.64259095e-02   5.65570872e-03   3.48494686e-02   3.72118466e-02
   1.55885343e-03   1.73106026e-02   1.44884456e-02   8.62422306e-03
  -8.27937096e-04   6.25123829e-02  -2.82702725e-02  -1.21616367e-02
  -2.92514125e-03  -5.13676647e-03   3.36452946e-02   5.89101873e-02
   5.00879111e-03   9.29772574e-03  -9.07349586e-02   3.60808917e-03
  -4.05204259e-02  -1.41463540e-02  -6.05653413e-02   9.85041168e-03
  -1.97289716e-02  -1.07704382e-02   1.19358739e-02  -1.49042560e-02
  -1.55399879e-03   8.30176007e-03   5.63043309e-03  -5.08476747e-03
   4.62591127e-02  -3.28009203e-02  -5.60266315e-04   3.16395052e-02
   7.16243312e-03   3.54620069e-02   1.48524642e-01  -1.55687085e-04
  -5.25601907e-03  -1.37630895e-01   8.15374497e-03   5.42731863e-03
   1.46354893e-02   8.30533355e-03   1.95386242e-02   3.08008492e-02
   1.08848229e-01  -1.29053025e-02  -3.76982652e-02   6.94456920e-02
   1.43303916e-01   1.59043670e-02   8.48699734e-03  -2.64264224e-03
  -2.02733986e-02  -1.06872274e-02   7.65301380e-03  -1.01408698e-01
   6.74730306e-03  -2.60113161e-02   2.11397256e-03  -3.99402715e-03
   1.01354338e-01  -2.99876370e-02   1.66584440e-02   2.25157570e-02
  -2.04476854e-03   6.29516551e-03   2.07200591e-02  -1.99600793e-02
   1.00740127e-01   6.71366369e-03  -2.00274531e-02  -2.47073676e-02
   6.01805141e-03   5.36310626e-03   1.03501119e-02  -3.90511267e-02
   1.51482243e-02   7.92756956e-03   1.70729645e-02   2.65648268e-04
   1.90284278e-04  -2.03970522e-02   6.13267953e-03   1.77606905e-03
  -1.75705813e-02   2.65294258e-02   2.87955510e-03  -2.49087717e-03
  -3.33775505e-02   1.07756350e-02  -1.85691621e-02  -2.65149642e-02
  -3.25359441e-02   3.68670151e-02   1.09908190e-02   7.19833523e-02
  -4.13540378e-03   2.22261213e-02  -7.44393514e-03  -4.58911387e-03
   1.25790453e-02  -5.69768110e-03  -1.68664992e-04   9.59077943e-03
   2.68647028e-03   2.68488610e-03   8.37019924e-03  -5.44713018e-03
   1.22125195e-02   1.10275991e-01  -2.94158831e-02  -1.55309103e-02
  -1.12349592e-01   5.96365286e-03  -5.49129164e-03   2.19821855e-02
   1.13542168e-03  -8.97421315e-02  -1.57674181e-03   7.86072761e-03
   1.47375185e-03  -1.07697055e-01  -4.89964522e-03   4.51531680e-03
   5.24732191e-03  -4.18270417e-02   3.67962813e-04   1.48936622e-02
   1.74578857e-02  -3.36811170e-02   7.26177450e-03   8.19099322e-02
  -1.55075684e-01   6.76051946e-03  -2.52235937e-03   4.88635339e-02
  -4.92776372e-02  -4.45597479e-03  -9.13921092e-03  -2.53366726e-03
   3.39793228e-02  -2.15969998e-02  -5.14941737e-02   2.98327673e-03
  -7.21603110e-02   8.52393582e-02   1.32582271e-02  -1.55615655e-03
   7.08716456e-03  -7.07938448e-02  -3.36710922e-02   3.51835182e-03
   9.43984017e-02   7.12786568e-03   4.33992259e-02   2.60496307e-02
   2.86642986e-04  -7.90889375e-03   3.33457440e-02  -1.07941665e-02
  -6.67843176e-03  -2.78814379e-02   8.35228595e-04  -1.01040974e-01
  -2.58480143e-02   9.97258425e-02  -1.64795201e-02  -4.68972288e-02
   7.57118873e-03   1.00720692e-02  -1.08772318e-03   5.60638718e-02
   9.41648893e-03   1.92914773e-02  -8.24856013e-03   1.77049905e-01]
2017-12-06 03:22:26,893 : INFO : 1. APPLYING THE arg-min PHI to the sample data to fetch the hypernyms
2017-12-06 03:22:26,893 : INFO :    candidates are fetched from : most_similar(positive=[input word vector, PHI VECTOR * input word vector], negative=[]) 
2017-12-06 03:22:26,893 : INFO : precomputing L2-norms of word weight vectors
2017-12-06 03:23:07,886 : INFO : 2. APPLYING THE arg-min PHI to the sample data to fetch the hypernyms
2017-12-06 03:23:07,886 : INFO :    candidates are fetched from : most_similar(positive=[input word vector], negative=[PHI VECTOR * input word vector]) 
