Size of target words : 50
NO OF FOLDERS Created for MODEL 1 : 1
Creting folder 1
RUNNING script in folder 1
Copying files from 1 folder to result file
Deleting the folders and the split files
Size of target words : 1500
NO OF FOLDERS Created for MODEL 1 : 15
Creting folder 1
Creting folder 2
Creting folder 3
Creting folder 4
Creting folder 5
Creting folder 6
Creting folder 7
Creting folder 8
Creting folder 9
Creting folder 10
Creting folder 11
Creting folder 12
Creting folder 13
Creting folder 14
Creting folder 15
RUNNING script in folder 1
RUNNING script in folder 2
RUNNING script in folder 3
RUNNING script in folder 4
RUNNING script in folder 5
RUNNING script in folder 6
RUNNING script in folder 7
RUNNING script in folder 8
RUNNING script in folder 9
RUNNING script in folder 10
RUNNING script in folder 11
RUNNING script in folder 12
RUNNING script in folder 13
RUNNING script in folder 14
RUNNING script in folder 15
Copying files from 1 folder to result file
Copying files from 2 folder to result file
Copying files from 3 folder to result file
Copying files from 4 folder to result file
Copying files from 5 folder to result file
Copying files from 6 folder to result file
Copying files from 7 folder to result file
Copying files from 8 folder to result file
Copying files from 9 folder to result file
Copying files from 10 folder to result file
Copying files from 11 folder to result file
Copying files from 12 folder to result file
Copying files from 13 folder to result file
Copying files from 14 folder to result file
Copying files from 15 folder to result file
Deleting the folders and the split files
